05/02/2022 11:03:11 program started
05/02/2022 11:03:11 command line: /usr/local/bin/srst2 --input_se patient3_snipped.fastq --output patient3_snipped --log --gene_db /home/cq/Documents/Module_3_NGS/cq_NGS/LEK/CARD_v3.0.8_SRST2.fasta
05/02/2022 11:03:11 Total single reads found:1
05/02/2022 11:03:11 Index for /home/cq/Documents/Module_3_NGS/cq_NGS/LEK/CARD_v3.0.8_SRST2.fasta is already built...
05/02/2022 11:03:11 Processing database /home/cq/Documents/Module_3_NGS/cq_NGS/LEK/CARD_v3.0.8_SRST2.fasta
05/02/2022 11:03:11 Non-unique:2, AAC3;AAC6'_AGly
05/02/2022 11:03:11 Non-unique:3, AAC6';ANT3''_AGly
05/02/2022 11:03:11 Non-unique:3, AAC6';APH2''_AGly
05/02/2022 11:03:11 Non-unique:379, TetQ_Tet
05/02/2022 11:03:11 Processing sample patient3_snipped
05/02/2022 11:03:11 Starting mapping with bowtie2
05/02/2022 11:03:11 Output prefix set to: patient3_snipped__patient3_snipped.CARD_v3.0.8_SRST2
05/02/2022 11:03:11 Aligning reads to index /home/cq/Documents/Module_3_NGS/cq_NGS/LEK/CARD_v3.0.8_SRST2.fasta using bowtie2...
05/02/2022 11:03:11 Running: bowtie2 -U patient3_snipped.fastq -S patient3_snipped__patient3_snipped.CARD_v3.0.8_SRST2.sam -q --very-sensitive-local --no-unal -a -x /home/cq/Documents/Module_3_NGS/cq_NGS/LEK/CARD_v3.0.8_SRST2.fasta
05/02/2022 11:03:58 Processing Bowtie2 output with SAMtools...
05/02/2022 11:03:58 Generate and sort BAM file...
05/02/2022 11:03:58 Running: samtools view -b -o patient3_snipped__patient3_snipped.CARD_v3.0.8_SRST2.unsorted.bam -q 1 -S patient3_snipped__patient3_snipped.CARD_v3.0.8_SRST2.sam.mod
05/02/2022 11:03:58 Running: samtools sort patient3_snipped__patient3_snipped.CARD_v3.0.8_SRST2.unsorted.bam patient3_snipped__patient3_snipped.CARD_v3.0.8_SRST2.sorted
05/02/2022 11:03:59 Deleting sam and bam files that are not longer needed...
05/02/2022 11:03:59 Deleting patient3_snipped__patient3_snipped.CARD_v3.0.8_SRST2.sam
05/02/2022 11:03:59 Deleting patient3_snipped__patient3_snipped.CARD_v3.0.8_SRST2.sam.mod
05/02/2022 11:03:59 Deleting patient3_snipped__patient3_snipped.CARD_v3.0.8_SRST2.unsorted.bam
05/02/2022 11:03:59 Generate pileup...
05/02/2022 11:03:59 Running: samtools mpileup -L 1000 -f /home/cq/Documents/Module_3_NGS/cq_NGS/LEK/CARD_v3.0.8_SRST2.fasta -Q 20 -q 1 -B patient3_snipped__patient3_snipped.CARD_v3.0.8_SRST2.sorted.bam
05/02/2022 11:03:59  Processing SAMtools pileup...
05/02/2022 11:03:59  Scoring alleles...
05/02/2022 11:04:00 Printing verbose gene detection results to patient3_snipped__fullgenes__CARD_v3.0.8_SRST2__results.txt
05/02/2022 11:04:00  6 genes identified in patient3_snipped
05/02/2022 11:04:00  Finished processing for read set patient3_snipped ...
05/02/2022 11:04:00 Tabulating results for database /home/cq/Documents/Module_3_NGS/cq_NGS/LEK/CARD_v3.0.8_SRST2.fasta ...
05/02/2022 11:04:00 Finished processing for database /home/cq/Documents/Module_3_NGS/cq_NGS/LEK/CARD_v3.0.8_SRST2.fasta ...
05/02/2022 11:04:00 Gene detection output printed to patient3_snipped__genes__CARD_v3.0.8_SRST2__results.txt
05/02/2022 11:04:00 SRST2 has finished.
