05/02/2022 11:02:20 program started
05/02/2022 11:02:20 command line: /usr/local/bin/srst2 --input_se patient1_snipped.fastq --output patient1_snipped --log --gene_db /home/cq/Documents/Module_3_NGS/cq_NGS/LEK/CARD_v3.0.8_SRST2.fasta
05/02/2022 11:02:20 Total single reads found:1
05/02/2022 11:02:20 Index for /home/cq/Documents/Module_3_NGS/cq_NGS/LEK/CARD_v3.0.8_SRST2.fasta is already built...
05/02/2022 11:02:20 Processing database /home/cq/Documents/Module_3_NGS/cq_NGS/LEK/CARD_v3.0.8_SRST2.fasta
05/02/2022 11:02:20 Non-unique:2, AAC3;AAC6'_AGly
05/02/2022 11:02:20 Non-unique:3, AAC6';ANT3''_AGly
05/02/2022 11:02:20 Non-unique:3, AAC6';APH2''_AGly
05/02/2022 11:02:20 Non-unique:379, TetQ_Tet
05/02/2022 11:02:20 Processing sample patient1_snipped
05/02/2022 11:02:20 Starting mapping with bowtie2
05/02/2022 11:02:20 Output prefix set to: patient1_snipped__patient1_snipped.CARD_v3.0.8_SRST2
05/02/2022 11:02:20 Aligning reads to index /home/cq/Documents/Module_3_NGS/cq_NGS/LEK/CARD_v3.0.8_SRST2.fasta using bowtie2...
05/02/2022 11:02:20 Running: bowtie2 -U patient1_snipped.fastq -S patient1_snipped__patient1_snipped.CARD_v3.0.8_SRST2.sam -q --very-sensitive-local --no-unal -a -x /home/cq/Documents/Module_3_NGS/cq_NGS/LEK/CARD_v3.0.8_SRST2.fasta
05/02/2022 11:02:57 Processing Bowtie2 output with SAMtools...
05/02/2022 11:02:57 Generate and sort BAM file...
05/02/2022 11:02:57 Running: samtools view -b -o patient1_snipped__patient1_snipped.CARD_v3.0.8_SRST2.unsorted.bam -q 1 -S patient1_snipped__patient1_snipped.CARD_v3.0.8_SRST2.sam.mod
05/02/2022 11:02:57 Running: samtools sort patient1_snipped__patient1_snipped.CARD_v3.0.8_SRST2.unsorted.bam patient1_snipped__patient1_snipped.CARD_v3.0.8_SRST2.sorted
05/02/2022 11:02:58 Deleting sam and bam files that are not longer needed...
05/02/2022 11:02:58 Deleting patient1_snipped__patient1_snipped.CARD_v3.0.8_SRST2.sam
05/02/2022 11:02:58 Deleting patient1_snipped__patient1_snipped.CARD_v3.0.8_SRST2.sam.mod
05/02/2022 11:02:58 Deleting patient1_snipped__patient1_snipped.CARD_v3.0.8_SRST2.unsorted.bam
05/02/2022 11:02:58 Generate pileup...
05/02/2022 11:02:58 Running: samtools mpileup -L 1000 -f /home/cq/Documents/Module_3_NGS/cq_NGS/LEK/CARD_v3.0.8_SRST2.fasta -Q 20 -q 1 -B patient1_snipped__patient1_snipped.CARD_v3.0.8_SRST2.sorted.bam
05/02/2022 11:02:58  Processing SAMtools pileup...
05/02/2022 11:03:00  Scoring alleles...
05/02/2022 11:03:07 Printing verbose gene detection results to patient1_snipped__fullgenes__CARD_v3.0.8_SRST2__results.txt
05/02/2022 11:03:08  9 genes identified in patient1_snipped
05/02/2022 11:03:08  Finished processing for read set patient1_snipped ...
05/02/2022 11:03:08 Tabulating results for database /home/cq/Documents/Module_3_NGS/cq_NGS/LEK/CARD_v3.0.8_SRST2.fasta ...
05/02/2022 11:03:08 Finished processing for database /home/cq/Documents/Module_3_NGS/cq_NGS/LEK/CARD_v3.0.8_SRST2.fasta ...
05/02/2022 11:03:08 Gene detection output printed to patient1_snipped__genes__CARD_v3.0.8_SRST2__results.txt
05/02/2022 11:03:08 SRST2 has finished.
