05/02/2022 11:02:20 program started
05/02/2022 11:02:20 command line: /usr/local/bin/srst2 --input_se patient2_snipped.fastq --output patient2_snipped --log --gene_db /home/cq/Documents/Module_3_NGS/cq_NGS/LEK/CARD_v3.0.8_SRST2.fasta
05/02/2022 11:02:20 Total single reads found:1
05/02/2022 11:02:20 Index for /home/cq/Documents/Module_3_NGS/cq_NGS/LEK/CARD_v3.0.8_SRST2.fasta is already built...
05/02/2022 11:02:20 Processing database /home/cq/Documents/Module_3_NGS/cq_NGS/LEK/CARD_v3.0.8_SRST2.fasta
05/02/2022 11:02:20 Non-unique:2, AAC3;AAC6'_AGly
05/02/2022 11:02:20 Non-unique:3, AAC6';ANT3''_AGly
05/02/2022 11:02:20 Non-unique:3, AAC6';APH2''_AGly
05/02/2022 11:02:20 Non-unique:379, TetQ_Tet
05/02/2022 11:02:20 Processing sample patient2_snipped
05/02/2022 11:02:20 Starting mapping with bowtie2
05/02/2022 11:02:20 Output prefix set to: patient2_snipped__patient2_snipped.CARD_v3.0.8_SRST2
05/02/2022 11:02:20 Aligning reads to index /home/cq/Documents/Module_3_NGS/cq_NGS/LEK/CARD_v3.0.8_SRST2.fasta using bowtie2...
05/02/2022 11:02:20 Running: bowtie2 -U patient2_snipped.fastq -S patient2_snipped__patient2_snipped.CARD_v3.0.8_SRST2.sam -q --very-sensitive-local --no-unal -a -x /home/cq/Documents/Module_3_NGS/cq_NGS/LEK/CARD_v3.0.8_SRST2.fasta
05/02/2022 11:03:08 Processing Bowtie2 output with SAMtools...
05/02/2022 11:03:08 Generate and sort BAM file...
05/02/2022 11:03:08 Running: samtools view -b -o patient2_snipped__patient2_snipped.CARD_v3.0.8_SRST2.unsorted.bam -q 1 -S patient2_snipped__patient2_snipped.CARD_v3.0.8_SRST2.sam.mod
05/02/2022 11:03:08 Running: samtools sort patient2_snipped__patient2_snipped.CARD_v3.0.8_SRST2.unsorted.bam patient2_snipped__patient2_snipped.CARD_v3.0.8_SRST2.sorted
05/02/2022 11:03:08 Deleting sam and bam files that are not longer needed...
05/02/2022 11:03:08 Deleting patient2_snipped__patient2_snipped.CARD_v3.0.8_SRST2.sam
05/02/2022 11:03:08 Deleting patient2_snipped__patient2_snipped.CARD_v3.0.8_SRST2.sam.mod
05/02/2022 11:03:08 Deleting patient2_snipped__patient2_snipped.CARD_v3.0.8_SRST2.unsorted.bam
05/02/2022 11:03:08 Generate pileup...
05/02/2022 11:03:08 Running: samtools mpileup -L 1000 -f /home/cq/Documents/Module_3_NGS/cq_NGS/LEK/CARD_v3.0.8_SRST2.fasta -Q 20 -q 1 -B patient2_snipped__patient2_snipped.CARD_v3.0.8_SRST2.sorted.bam
05/02/2022 11:03:08  Processing SAMtools pileup...
05/02/2022 11:03:09  Scoring alleles...
05/02/2022 11:03:10 Printing verbose gene detection results to patient2_snipped__fullgenes__CARD_v3.0.8_SRST2__results.txt
05/02/2022 11:03:10  11 genes identified in patient2_snipped
05/02/2022 11:03:10  Finished processing for read set patient2_snipped ...
05/02/2022 11:03:10 Tabulating results for database /home/cq/Documents/Module_3_NGS/cq_NGS/LEK/CARD_v3.0.8_SRST2.fasta ...
05/02/2022 11:03:10 Finished processing for database /home/cq/Documents/Module_3_NGS/cq_NGS/LEK/CARD_v3.0.8_SRST2.fasta ...
05/02/2022 11:03:10 Gene detection output printed to patient2_snipped__genes__CARD_v3.0.8_SRST2__results.txt
05/02/2022 11:03:10 SRST2 has finished.
